#
# There is insufficient memory for the Java Runtime Environment to continue.
# Native memory allocation (malloc) failed to allocate 1323056 bytes. Error detail: Chunk::new
# Possible reasons:
#   The system is out of physical RAM or swap space
#   This process is running with CompressedOops enabled, and the Java Heap may be blocking the growth of the native heap
# Possible solutions:
#   Reduce memory load on the system
#   Increase physical memory or swap space
#   Check if swap backing store is full
#   Decrease Java heap size (-Xmx/-Xms)
#   Decrease number of Java threads
#   Decrease Java thread stack sizes (-Xss)
#   Set larger code cache with -XX:ReservedCodeCacheSize=
#   JVM is running with Zero Based Compressed Oops mode in which the Java heap is
#     placed in the first 32GB address space. The Java Heap base address is the
#     maximum limit for the native heap growth. Please use -XX:HeapBaseMinAddress
#     to set the Java Heap base and to place the Java Heap above 32GB virtual address.
# This output file may be truncated or incomplete.
#
#  Out of Memory Error (arena.cpp:168), pid=2396, tid=9476
#
# JRE version: OpenJDK Runtime Environment (21.0.7) (build 21.0.7+-13880790-b1038.58)
# Java VM: OpenJDK 64-Bit Server VM (21.0.7+-13880790-b1038.58, mixed mode, tiered, compressed oops, compressed class ptrs, g1 gc, windows-amd64)
# No core dump will be written. Minidumps are not enabled by default on client versions of Windows
#

---------------  S U M M A R Y ------------

Command Line: org.jetbrains.kotlin.cli.jvm.K2JVMCompiler @C:\Users\nancy\AndroidStudioProjects\MobileAppDevRecipeHelperCode2\app\build\20251116_14117552671271764309.compiler.options

Host: Intel(R) Core(TM) 7 150U, 12 cores, 15G,  Windows 11 , 64 bit Build 26100 (10.0.26100.7019)
Time: Sun Nov 16 15:59:39 2025 Eastern Standard Time elapsed time: 16.273811 seconds (0d 0h 0m 16s)

---------------  T H R E A D  ---------------

Current thread (0x000002c123a8e1c0):  JavaThread "C2 CompilerThread1" daemon [_thread_in_native, id=9476, stack(0x000000f7aa000000,0x000000f7aa100000) (1024K)]


Current CompileTask:
C2:16273 11221       4       org.jetbrains.kotlin.fir.java.enhancement.JavaTypeUtilsKt::enhanceInflexibleType (389 bytes)

Stack: [0x000000f7aa000000,0x000000f7aa100000]
Native frames: (J=compiled Java code, j=interpreted, Vv=VM code, C=native code)
V  [jvm.dll+0x6d25c9]
V  [jvm.dll+0x860923]
V  [jvm.dll+0x862e7e]
V  [jvm.dll+0x863563]
V  [jvm.dll+0x27f156]
V  [jvm.dll+0xc002d]
V  [jvm.dll+0xc0563]
V  [jvm.dll+0x3b6d01]
V  [jvm.dll+0x382c27]
V  [jvm.dll+0x38209a]
V  [jvm.dll+0x247e72]
V  [jvm.dll+0x247441]
V  [jvm.dll+0x1c5fb4]
V  [jvm.dll+0x256bac]
V  [jvm.dll+0x2550f6]
V  [jvm.dll+0x3f1d16]
V  [jvm.dll+0x808d08]
V  [jvm.dll+0x6d0e1d]
C  [ucrtbase.dll+0x37b0]
C  [KERNEL32.DLL+0x2e8d7]
C  [ntdll.dll+0x8c53c]


---------------  P R O C E S S  ---------------

Threads class SMR info:
_java_thread_list=0x000002c12131e1c0, length=13, elements={
0x000002c17ed004e0, 0x000002c11b4ef310, 0x000002c11b4f6450, 0x000002c11b4f1d80,
0x000002c11b4f2f20, 0x000002c11b546f90, 0x000002c11b546810, 0x000002c11b547de0,
0x000002c11b548b70, 0x000002c11b549610, 0x000002c11b6dcf20, 0x000002c123a8e1c0,
0x000002c123a8b8e0
}

Java Threads: ( => current thread )
  0x000002c17ed004e0 JavaThread "main"                              [_thread_in_vm, id=14308, stack(0x000000f7a8300000,0x000000f7a8400000) (1024K)]
  0x000002c11b4ef310 JavaThread "Common-Cleaner"             daemon [_thread_blocked, id=10564, stack(0x000000f7a8b00000,0x000000f7a8c00000) (1024K)]
  0x000002c11b4f6450 JavaThread "Reference Handler"          daemon [_thread_blocked, id=16608, stack(0x000000f7a8c00000,0x000000f7a8d00000) (1024K)]
  0x000002c11b4f1d80 JavaThread "Finalizer"                  daemon [_thread_blocked, id=25900, stack(0x000000f7a8d00000,0x000000f7a8e00000) (1024K)]
  0x000002c11b4f2f20 JavaThread "Signal Dispatcher"          daemon [_thread_blocked, id=21040, stack(0x000000f7a8e00000,0x000000f7a8f00000) (1024K)]
  0x000002c11b546f90 JavaThread "Attach Listener"            daemon [_thread_blocked, id=23320, stack(0x000000f7a8f00000,0x000000f7a9000000) (1024K)]
  0x000002c11b546810 JavaThread "Service Thread"             daemon [_thread_blocked, id=19940, stack(0x000000f7a9000000,0x000000f7a9100000) (1024K)]
  0x000002c11b547de0 JavaThread "Monitor Deflation Thread"   daemon [_thread_blocked, id=24944, stack(0x000000f7a9100000,0x000000f7a9200000) (1024K)]
  0x000002c11b548b70 JavaThread "C2 CompilerThread0"         daemon [_thread_in_native, id=17764, stack(0x000000f7a9200000,0x000000f7a9300000) (1024K)]
  0x000002c11b549610 JavaThread "C1 CompilerThread0"         daemon [_thread_in_vm, id=21228, stack(0x000000f7a9300000,0x000000f7a9400000) (1024K)]
  0x000002c11b6dcf20 JavaThread "Notification Thread"        daemon [_thread_blocked, id=22668, stack(0x000000f7a9400000,0x000000f7a9500000) (1024K)]
=>0x000002c123a8e1c0 JavaThread "C2 CompilerThread1"         daemon [_thread_in_native, id=9476, stack(0x000000f7aa000000,0x000000f7aa100000) (1024K)]
  0x000002c123a8b8e0 JavaThread "C2 CompilerThread2"         daemon [_thread_in_native, id=27552, stack(0x000000f7aa100000,0x000000f7aa200000) (1024K)]
Total: 13

Other Threads:
  0x000002c11b46caa0 VMThread "VM Thread"                           [id=29624, stack(0x000000f7a8a00000,0x000000f7a8b00000) (1024K)]
  0x000002c11aa41680 WatcherThread "VM Periodic Task Thread"        [id=29448, stack(0x000000f7a8900000,0x000000f7a8a00000) (1024K)]
  0x000002c17fcee8e0 WorkerThread "GC Thread#0"                     [id=25652, stack(0x000000f7a8400000,0x000000f7a8500000) (1024K)]
  0x000002c1205b05e0 WorkerThread "GC Thread#1"                     [id=14148, stack(0x000000f7a9500000,0x000000f7a9600000) (1024K)]
  0x000002c1205ad9b0 WorkerThread "GC Thread#2"                     [id=15284, stack(0x000000f7a9600000,0x000000f7a9700000) (1024K)]
  0x000002c1205add50 WorkerThread "GC Thread#3"                     [id=17072, stack(0x000000f7a9700000,0x000000f7a9800000) (1024K)]
  0x000002c1205ae0f0 WorkerThread "GC Thread#4"                     [id=15216, stack(0x000000f7a9800000,0x000000f7a9900000) (1024K)]
  0x000002c1205ae490 WorkerThread "GC Thread#5"                     [id=3200, stack(0x000000f7a9900000,0x000000f7a9a00000) (1024K)]
  0x000002c120707580 WorkerThread "GC Thread#6"                     [id=2480, stack(0x000000f7a9a00000,0x000000f7a9b00000) (1024K)]
  0x000002c120706360 WorkerThread "GC Thread#7"                     [id=7152, stack(0x000000f7a9d00000,0x000000f7a9e00000) (1024K)]
  0x000002c120fee0e0 WorkerThread "GC Thread#8"                     [id=16636, stack(0x000000f7a9f00000,0x000000f7aa000000) (1024K)]
  0x000002c120fed9a0 WorkerThread "GC Thread#9"                     [id=23352, stack(0x000000f7a9e00000,0x000000f7a9f00000) (1024K)]
  0x000002c17fd3e010 ConcurrentGCThread "G1 Main Marker"            [id=19584, stack(0x000000f7a8500000,0x000000f7a8600000) (1024K)]
  0x000002c17fd3fb20 WorkerThread "G1 Conc#0"                       [id=2392, stack(0x000000f7a8600000,0x000000f7a8700000) (1024K)]
  0x000002c120707cc0 WorkerThread "G1 Conc#1"                       [id=8436, stack(0x000000f7a9b00000,0x000000f7a9c00000) (1024K)]
  0x000002c120706700 WorkerThread "G1 Conc#2"                       [id=20992, stack(0x000000f7a9c00000,0x000000f7a9d00000) (1024K)]
  0x000002c11a913930 ConcurrentGCThread "G1 Refine#0"               [id=6356, stack(0x000000f7a8700000,0x000000f7a8800000) (1024K)]
  0x000002c11a915350 ConcurrentGCThread "G1 Service"                [id=12368, stack(0x000000f7a8800000,0x000000f7a8900000) (1024K)]
Total: 18

Threads with active compile tasks:
C2 CompilerThread0  20346 11400       4       org.jetbrains.kotlin.backend.common.lower.DefaultArgumentFunctionFactory::findBaseFunctionWithDefaultArgumentsFor$dfsImpl (254 bytes)
C1 CompilerThread0  20346 11457       3       org.jetbrains.kotlin.backend.jvm.lower.RecordEnclosingMethodsLowering$lower$1::visitFunctionAccess (264 bytes)
C2 CompilerThread1  20346 11221       4       org.jetbrains.kotlin.fir.java.enhancement.JavaTypeUtilsKt::enhanceInflexibleType (389 bytes)
C2 CompilerThread2  20347 11304       4       org.jetbrains.kotlin.backend.jvm.lower.BridgeLowering::createBridges (1018 bytes)
Total: 4

VM state: not at safepoint (normal execution)

VM Mutex/Monitor currently owned by a thread:  ([mutex/lock_event])
[0x00007ff83893f2e8] Metaspace_lock - owner thread: 0x000002c17ed004e0

Heap address: 0x0000000704e00000, size: 4018 MB, Compressed Oops mode: Zero based, Oop shift amount: 3

CDS archive(s) not mapped
Compressed class space mapped at: 0x0000000800000000-0x0000000840000000, reserved size: 1073741824
Narrow klass base: 0x0000000800000000, Narrow klass shift: 0, Narrow klass range: 0x40000000

GC Precious Log:
 CardTable entry size: 512
 Card Set container configuration: InlinePtr #cards 4 size 8 Array Of Cards #cards 16 size 48 Howl #buckets 8 coarsen threshold 3686 Howl Bitmap #cards 512 size 80 coarsen threshold 460 Card regions per heap region 1 cards per card region 4096
 CPUs: 12 total, 12 available
 Memory: 16068M
 Large Page Support: Disabled
 NUMA Support: Disabled
 Compressed Oops: Enabled (Zero based)
 Heap Region Size: 2M
 Heap Min Capacity: 8M
 Heap Initial Capacity: 252M
 Heap Max Capacity: 4018M
 Pre-touch: Disabled
 Parallel Workers: 10
 Concurrent Workers: 3
 Concurrent Refinement Workers: 10
 Periodic GC: Disabled

Heap:
 garbage-first heap   total 184320K, used 122479K [0x0000000704e00000, 0x0000000800000000)
  region size 2048K, 13 young (26624K), 3 survivors (6144K)
 Metaspace       used 79672K, committed 80000K, reserved 1179648K
  class space    used 8407K, committed 8576K, reserved 1048576K

Heap Regions: E=young(eden), S=young(survivor), O=old, HS=humongous(starts), HC=humongous(continues), CS=collection set, F=free, TAMS=top-at-mark-start, PB=parsable bottom
|   0|0x0000000704e00000, 0x0000000705000000, 0x0000000705000000|100%|HS|  |TAMS 0x0000000704e00000| PB 0x0000000704e00000| Complete 
|   1|0x0000000705000000, 0x0000000705200000, 0x0000000705200000|100%|HC|  |TAMS 0x0000000705000000| PB 0x0000000705000000| Complete 
|   2|0x0000000705200000, 0x0000000705400000, 0x0000000705400000|100%| O|  |TAMS 0x0000000705200000| PB 0x0000000705200000| Untracked 
|   3|0x0000000705400000, 0x0000000705600000, 0x0000000705600000|100%| O|  |TAMS 0x0000000705400000| PB 0x0000000705400000| Untracked 
|   4|0x0000000705600000, 0x0000000705800000, 0x0000000705800000|100%| O|  |TAMS 0x0000000705600000| PB 0x0000000705600000| Untracked 
|   5|0x0000000705800000, 0x0000000705a00000, 0x0000000705a00000|100%| O|  |TAMS 0x0000000705800000| PB 0x0000000705800000| Untracked 
|   6|0x0000000705a00000, 0x0000000705c00000, 0x0000000705c00000|100%| O|  |TAMS 0x0000000705a00000| PB 0x0000000705a00000| Untracked 
|   7|0x0000000705c00000, 0x0000000705e00000, 0x0000000705e00000|100%| O|  |TAMS 0x0000000705c00000| PB 0x0000000705c00000| Untracked 
|   8|0x0000000705e00000, 0x0000000706000000, 0x0000000706000000|100%| O|  |TAMS 0x0000000705e00000| PB 0x0000000705e00000| Untracked 
|   9|0x0000000706000000, 0x0000000706200000, 0x0000000706200000|100%| O|  |TAMS 0x0000000706000000| PB 0x0000000706000000| Untracked 
|  10|0x0000000706200000, 0x0000000706400000, 0x0000000706400000|100%| O|  |TAMS 0x0000000706200000| PB 0x0000000706200000| Untracked 
|  11|0x0000000706400000, 0x0000000706600000, 0x0000000706600000|100%| O|  |TAMS 0x0000000706400000| PB 0x0000000706400000| Untracked 
|  12|0x0000000706600000, 0x0000000706800000, 0x0000000706800000|100%| O|  |TAMS 0x0000000706600000| PB 0x0000000706600000| Untracked 
|  13|0x0000000706800000, 0x0000000706a00000, 0x0000000706a00000|100%| O|  |TAMS 0x0000000706800000| PB 0x0000000706800000| Untracked 
|  14|0x0000000706a00000, 0x0000000706c00000, 0x0000000706c00000|100%| O|  |TAMS 0x0000000706a00000| PB 0x0000000706a00000| Untracked 
|  15|0x0000000706c00000, 0x0000000706e00000, 0x0000000706e00000|100%| O|Cm|TAMS 0x0000000706c00000| PB 0x0000000706c00000| Complete 
|  16|0x0000000706e00000, 0x0000000707000000, 0x0000000707000000|100%| O|  |TAMS 0x0000000706e00000| PB 0x0000000706e00000| Untracked 
|  17|0x0000000707000000, 0x0000000707200000, 0x0000000707200000|100%| O|  |TAMS 0x0000000707000000| PB 0x0000000707000000| Untracked 
|  18|0x0000000707200000, 0x0000000707400000, 0x0000000707400000|100%| O|  |TAMS 0x0000000707200000| PB 0x0000000707200000| Untracked 
|  19|0x0000000707400000, 0x0000000707600000, 0x0000000707600000|100%| O|  |TAMS 0x0000000707400000| PB 0x0000000707400000| Untracked 
|  20|0x0000000707600000, 0x0000000707800000, 0x0000000707800000|100%| O|  |TAMS 0x0000000707600000| PB 0x0000000707600000| Untracked 
|  21|0x0000000707800000, 0x0000000707a00000, 0x0000000707a00000|100%| O|  |TAMS 0x0000000707800000| PB 0x0000000707800000| Untracked 
|  22|0x0000000707a00000, 0x0000000707c00000, 0x0000000707c00000|100%| O|  |TAMS 0x0000000707a00000| PB 0x0000000707a00000| Untracked 
|  23|0x0000000707c00000, 0x0000000707e00000, 0x0000000707e00000|100%| O|  |TAMS 0x0000000707c00000| PB 0x0000000707c00000| Untracked 
|  24|0x0000000707e00000, 0x0000000708000000, 0x0000000708000000|100%| O|  |TAMS 0x0000000707e00000| PB 0x0000000707e00000| Untracked 
|  25|0x0000000708000000, 0x0000000708200000, 0x0000000708200000|100%| O|  |TAMS 0x0000000708000000| PB 0x0000000708000000| Untracked 
|  26|0x0000000708200000, 0x0000000708400000, 0x0000000708400000|100%| O|  |TAMS 0x0000000708200000| PB 0x0000000708200000| Untracked 
|  27|0x0000000708400000, 0x0000000708600000, 0x0000000708600000|100%| O|  |TAMS 0x0000000708400000| PB 0x0000000708400000| Untracked 
|  28|0x0000000708600000, 0x0000000708800000, 0x0000000708800000|100%| O|Cm|TAMS 0x0000000708600000| PB 0x0000000708600000| Complete 
|  29|0x0000000708800000, 0x0000000708a00000, 0x0000000708a00000|100%| O|  |TAMS 0x0000000708800000| PB 0x0000000708800000| Untracked 
|  30|0x0000000708a00000, 0x0000000708c00000, 0x0000000708c00000|100%| O|  |TAMS 0x0000000708a00000| PB 0x0000000708a00000| Untracked 
|  31|0x0000000708c00000, 0x0000000708e00000, 0x0000000708e00000|100%| O|  |TAMS 0x0000000708c00000| PB 0x0000000708c00000| Untracked 
|  32|0x0000000708e00000, 0x0000000709000000, 0x0000000709000000|100%| O|  |TAMS 0x0000000708e00000| PB 0x0000000708e00000| Untracked 
|  33|0x0000000709000000, 0x0000000709200000, 0x0000000709200000|100%| O|  |TAMS 0x0000000709000000| PB 0x0000000709000000| Untracked 
|  34|0x0000000709200000, 0x0000000709400000, 0x0000000709400000|100%| O|  |TAMS 0x0000000709200000| PB 0x0000000709200000| Untracked 
|  35|0x0000000709400000, 0x0000000709600000, 0x0000000709600000|100%| O|  |TAMS 0x0000000709400000| PB 0x0000000709400000| Untracked 
|  36|0x0000000709600000, 0x0000000709800000, 0x0000000709800000|100%| O|  |TAMS 0x0000000709600000| PB 0x0000000709600000| Untracked 
|  37|0x0000000709800000, 0x0000000709a00000, 0x0000000709a00000|100%| O|  |TAMS 0x0000000709800000| PB 0x0000000709800000| Untracked 
|  38|0x0000000709a00000, 0x0000000709c00000, 0x0000000709c00000|100%| O|  |TAMS 0x0000000709a00000| PB 0x0000000709a00000| Untracked 
|  39|0x0000000709c00000, 0x0000000709e00000, 0x0000000709e00000|100%| O|  |TAMS 0x0000000709c00000| PB 0x0000000709c00000| Untracked 
|  40|0x0000000709e00000, 0x000000070a000000, 0x000000070a000000|100%| O|  |TAMS 0x0000000709e00000| PB 0x0000000709e00000| Untracked 
|  41|0x000000070a000000, 0x000000070a200000, 0x000000070a200000|100%| O|  |TAMS 0x000000070a000000| PB 0x000000070a000000| Untracked 
|  42|0x000000070a200000, 0x000000070a400000, 0x000000070a400000|100%| O|  |TAMS 0x000000070a200000| PB 0x000000070a200000| Untracked 
|  43|0x000000070a400000, 0x000000070a600000, 0x000000070a600000|100%| O|  |TAMS 0x000000070a400000| PB 0x000000070a400000| Untracked 
|  44|0x000000070a600000, 0x000000070a800000, 0x000000070a800000|100%| O|  |TAMS 0x000000070a600000| PB 0x000000070a600000| Untracked 
|  45|0x000000070a800000, 0x000000070aa00000, 0x000000070aa00000|100%| O|  |TAMS 0x000000070a800000| PB 0x000000070a800000| Untracked 
|  46|0x000000070aa00000, 0x000000070ac00000, 0x000000070ac00000|100%| O|  |TAMS 0x000000070aa00000| PB 0x000000070aa00000| Untracked 
|  47|0x000000070ac00000, 0x000000070add2740, 0x000000070ae00000| 91%| O|  |TAMS 0x000000070ac00000| PB 0x000000070ac00000| Untracked 
|  48|0x000000070ae00000, 0x000000070ae00000, 0x000000070b000000|  0%| F|  |TAMS 0x000000070ae00000| PB 0x000000070ae00000| Untracked 
|  49|0x000000070b000000, 0x000000070b000000, 0x000000070b200000|  0%| F|  |TAMS 0x000000070b000000| PB 0x000000070b000000| Untracked 
|  50|0x000000070b200000, 0x000000070b200000, 0x000000070b400000|  0%| F|  |TAMS 0x000000070b200000| PB 0x000000070b200000| Untracked 
|  51|0x000000070b400000, 0x000000070b400000, 0x000000070b600000|  0%| F|  |TAMS 0x000000070b400000| PB 0x000000070b400000| Untracked 
|  52|0x000000070b600000, 0x000000070b600000, 0x000000070b800000|  0%| F|  |TAMS 0x000000070b600000| PB 0x000000070b600000| Untracked 
|  53|0x000000070b800000, 0x000000070b800000, 0x000000070ba00000|  0%| F|  |TAMS 0x000000070b800000| PB 0x000000070b800000| Untracked 
|  54|0x000000070ba00000, 0x000000070ba00000, 0x000000070bc00000|  0%| F|  |TAMS 0x000000070ba00000| PB 0x000000070ba00000| Untracked 
|  55|0x000000070bc00000, 0x000000070bc00000, 0x000000070be00000|  0%| F|  |TAMS 0x000000070bc00000| PB 0x000000070bc00000| Untracked 
|  56|0x000000070be00000, 0x000000070be00000, 0x000000070c000000|  0%| F|  |TAMS 0x000000070be00000| PB 0x000000070be00000| Untracked 
|  57|0x000000070c000000, 0x000000070c000000, 0x000000070c200000|  0%| F|  |TAMS 0x000000070c000000| PB 0x000000070c000000| Untracked 
|  58|0x000000070c200000, 0x000000070c200000, 0x000000070c400000|  0%| F|  |TAMS 0x000000070c200000| PB 0x000000070c200000| Untracked 
|  59|0x000000070c400000, 0x000000070c5c9580, 0x000000070c600000| 89%| S|CS|TAMS 0x000000070c400000| PB 0x000000070c400000| Complete 
|  60|0x000000070c600000, 0x000000070c800000, 0x000000070c800000|100%| S|CS|TAMS 0x000000070c600000| PB 0x000000070c600000| Complete 
|  61|0x000000070c800000, 0x000000070ca00000, 0x000000070ca00000|100%| S|CS|TAMS 0x000000070c800000| PB 0x000000070c800000| Complete 
|  62|0x000000070ca00000, 0x000000070ca00000, 0x000000070cc00000|  0%| F|  |TAMS 0x000000070ca00000| PB 0x000000070ca00000| Untracked 
|  63|0x000000070cc00000, 0x000000070cc00000, 0x000000070ce00000|  0%| F|  |TAMS 0x000000070cc00000| PB 0x000000070cc00000| Untracked 
|  64|0x000000070ce00000, 0x000000070ce00000, 0x000000070d000000|  0%| F|  |TAMS 0x000000070ce00000| PB 0x000000070ce00000| Untracked 
|  65|0x000000070d000000, 0x000000070d000000, 0x000000070d200000|  0%| F|  |TAMS 0x000000070d000000| PB 0x000000070d000000| Untracked 
|  66|0x000000070d200000, 0x000000070d200000, 0x000000070d400000|  0%| F|  |TAMS 0x000000070d200000| PB 0x000000070d200000| Untracked 
|  67|0x000000070d400000, 0x000000070d400000, 0x000000070d600000|  0%| F|  |TAMS 0x000000070d400000| PB 0x000000070d400000| Untracked 
|  68|0x000000070d600000, 0x000000070d600000, 0x000000070d800000|  0%| F|  |TAMS 0x000000070d600000| PB 0x000000070d600000| Untracked 
|  69|0x000000070d800000, 0x000000070d800000, 0x000000070da00000|  0%| F|  |TAMS 0x000000070d800000| PB 0x000000070d800000| Untracked 
|  70|0x000000070da00000, 0x000000070da00000, 0x000000070dc00000|  0%| F|  |TAMS 0x000000070da00000| PB 0x000000070da00000| Untracked 
|  71|0x000000070dc00000, 0x000000070dc00000, 0x000000070de00000|  0%| F|  |TAMS 0x000000070dc00000| PB 0x000000070dc00000| Untracked 
|  72|0x000000070de00000, 0x000000070de00000, 0x000000070e000000|  0%| F|  |TAMS 0x000000070de00000| PB 0x000000070de00000| Untracked 
|  73|0x000000070e000000, 0x000000070e000000, 0x000000070e200000|  0%| F|  |TAMS 0x000000070e000000| PB 0x000000070e000000| Untracked 
|  74|0x000000070e200000, 0x000000070e200000, 0x000000070e400000|  0%| F|  |TAMS 0x000000070e200000| PB 0x000000070e200000| Untracked 
|  75|0x000000070e400000, 0x000000070e400000, 0x000000070e600000|  0%| F|  |TAMS 0x000000070e400000| PB 0x000000070e400000| Untracked 
|  76|0x000000070e600000, 0x000000070e600000, 0x000000070e800000|  0%| F|  |TAMS 0x000000070e600000| PB 0x000000070e600000| Untracked 
|  77|0x000000070e800000, 0x000000070e800000, 0x000000070ea00000|  0%| F|  |TAMS 0x000000070e800000| PB 0x000000070e800000| Untracked 
|  78|0x000000070ea00000, 0x000000070ea00000, 0x000000070ec00000|  0%| F|  |TAMS 0x000000070ea00000| PB 0x000000070ea00000| Untracked 
|  79|0x000000070ec00000, 0x000000070ec00000, 0x000000070ee00000|  0%| F|  |TAMS 0x000000070ec00000| PB 0x000000070ec00000| Untracked 
|  80|0x000000070ee00000, 0x000000070f000000, 0x000000070f000000|100%| E|  |TAMS 0x000000070ee00000| PB 0x000000070ee00000| Complete 
|  81|0x000000070f000000, 0x000000070f200000, 0x000000070f200000|100%| E|CS|TAMS 0x000000070f000000| PB 0x000000070f000000| Complete 
|  82|0x000000070f200000, 0x000000070f400000, 0x000000070f400000|100%| E|CS|TAMS 0x000000070f200000| PB 0x000000070f200000| Complete 
|  83|0x000000070f400000, 0x000000070f600000, 0x000000070f600000|100%| E|CS|TAMS 0x000000070f400000| PB 0x000000070f400000| Complete 
|  84|0x000000070f600000, 0x000000070f800000, 0x000000070f800000|100%| E|CS|TAMS 0x000000070f600000| PB 0x000000070f600000| Complete 
|  85|0x000000070f800000, 0x000000070fa00000, 0x000000070fa00000|100%| E|CS|TAMS 0x000000070f800000| PB 0x000000070f800000| Complete 
| 109|0x0000000712800000, 0x0000000712a00000, 0x0000000712a00000|100%| E|CS|TAMS 0x0000000712800000| PB 0x0000000712800000| Complete 
| 110|0x0000000712a00000, 0x0000000712c00000, 0x0000000712c00000|100%| E|CS|TAMS 0x0000000712a00000| PB 0x0000000712a00000| Complete 
| 111|0x0000000712c00000, 0x0000000712e00000, 0x0000000712e00000|100%| E|CS|TAMS 0x0000000712c00000| PB 0x0000000712c00000| Complete 
| 125|0x0000000714800000, 0x0000000714a00000, 0x0000000714a00000|100%| E|CS|TAMS 0x0000000714800000| PB 0x0000000714800000| Complete 

Card table byte_map: [0x000002c113fb0000,0x000002c114790000] _byte_map_base: 0x000002c110789000

Marking Bits: (CMBitMap*) 0x000002c17fceefe0
 Bits: [0x000002c114790000, 0x000002c118658000)

Polling page: 0x000002c17eee0000

Metaspace:

Usage:
  Non-class:     69.59 MB used.
      Class:      8.21 MB used.
       Both:     77.80 MB used.

Virtual space:
  Non-class space:      128.00 MB reserved,      69.75 MB ( 54%) committed,  2 nodes.
      Class space:        1.00 GB reserved,       8.38 MB ( <1%) committed,  1 nodes.
             Both:        1.12 GB reserved,      78.12 MB (  7%) committed. 

Chunk freelists:
   Non-Class:  10.23 MB
       Class:  7.64 MB
        Both:  17.88 MB

MaxMetaspaceSize: unlimited
CompressedClassSpaceSize: 1.00 GB
Initial GC threshold: 21.00 MB
Current GC threshold: 129.62 MB
CDS: off
 - commit_granule_bytes: 65536.
 - commit_granule_words: 8192.
 - virtual_space_node_default_size: 8388608.
 - enlarge_chunks_in_place: 1.
 - use_allocation_guard: 0.


Internal statistics:

num_allocs_failed_limit: 9.
num_arena_births: 366.
num_arena_deaths: 0.
num_vsnodes_births: 3.
num_vsnodes_deaths: 0.
num_space_committed: 1248.
num_space_uncommitted: 0.
num_chunks_returned_to_freelist: 9.
num_chunks_taken_from_freelist: 2778.
num_chunk_merges: 9.
num_chunk_splits: 2381.
num_chunks_enlarged: 2196.
num_inconsistent_stats: 0.

CodeHeap 'non-profiled nmethods': size=120000Kb used=6638Kb max_used=7119Kb free=113361Kb
 bounds [0x000002c10bf70000, 0x000002c10c670000, 0x000002c1134a0000]
CodeHeap 'profiled nmethods': size=120000Kb used=34991Kb max_used=37815Kb free=85008Kb
 bounds [0x000002c1044a0000, 0x000002c106990000, 0x000002c10b9d0000]
CodeHeap 'non-nmethods': size=5760Kb used=1800Kb max_used=1848Kb free=3960Kb
 bounds [0x000002c10b9d0000, 0x000002c10bc40000, 0x000002c10bf70000]
 total_blobs=11120 nmethods=10318 adapters=702
 compilation: enabled
              stopped_count=0, restarted_count=0
 full_count=0

Compilation events (20 events):
Event: 16.261 Thread 0x000002c11b549610 nmethod 11438 0x000002c104ea3390 code [0x000002c104ea3640, 0x000002c104ea4228]
Event: 16.261 Thread 0x000002c11b549610 11443       3       org.jetbrains.kotlin.backend.common.lower.SpecialBridgeMethods::toDescription (34 bytes)
Event: 16.261 Thread 0x000002c11b549610 nmethod 11443 0x000002c104dcce90 code [0x000002c104dcd120, 0x000002c104dcdbe0]
Event: 16.261 Thread 0x000002c11b549610 11441       3       org.jetbrains.kotlin.backend.jvm.lower.JvmArgumentNullabilityAssertionsLowering::visitCall (10 bytes)
Event: 16.261 Thread 0x000002c11b549610 nmethod 11441 0x000002c1048a5890 code [0x000002c1048a5b20, 0x000002c1048a6530]
Event: 16.261 Thread 0x000002c11b549610 11442       3       org.jetbrains.kotlin.backend.jvm.lower.JvmArgumentNullabilityAssertionsLowering::visitCall (7 bytes)
Event: 16.262 Thread 0x000002c11b549610 nmethod 11442 0x000002c10454a310 code [0x000002c10454a5c0, 0x000002c10454b150]
Event: 16.262 Thread 0x000002c11b549610 11440       3       org.jetbrains.kotlin.ir.declarations.impl.IrConstructorImpl::setTypeParameters (12 bytes)
Event: 16.262 Thread 0x000002c11b549610 nmethod 11440 0x000002c1045df490 code [0x000002c1045df6c0, 0x000002c1045dfcd0]
Event: 16.262 Thread 0x000002c11b549610 11444       3       org.jetbrains.kotlin.ir.visitors.IrElementTransformer$DefaultImpls::visitReturn (18 bytes)
Event: 16.262 Thread 0x000002c11b549610 nmethod 11444 0x000002c104debc90 code [0x000002c104debec0, 0x000002c104dec540]
Event: 16.262 Thread 0x000002c11b549610 11439       3       kotlin.collections.MapsKt__MapsKt::plus (37 bytes)
Event: 16.262 Thread 0x000002c11b549610 nmethod 11439 0x000002c104b35390 code [0x000002c104b35660, 0x000002c104b363c8]
Event: 16.262 Thread 0x000002c11b549610 11445       3       org.jetbrains.kotlin.ir.visitors.IrElementVisitorVoid$DefaultImpls::visitFunctionReference (17 bytes)
Event: 16.263 Thread 0x000002c11b549610 nmethod 11445 0x000002c105030d10 code [0x000002c105030f40, 0x000002c1050315a8]
Event: 16.263 Thread 0x000002c11b549610 11447       3       java.util.ArrayList::equals (62 bytes)
Event: 16.263 Thread 0x000002c11b549610 nmethod 11447 0x000002c1045b3e10 code [0x000002c1045b4020, 0x000002c1045b4808]
Event: 16.263 Thread 0x000002c11b549610 11446       3       org.jetbrains.kotlin.ir.visitors.IrElementVisitorVoid$DefaultImpls::visitCallableReference (17 bytes)
Event: 16.263 Thread 0x000002c11b549610 nmethod 11446 0x000002c104720f10 code [0x000002c104721140, 0x000002c1047217a8]
Event: 16.263 Thread 0x000002c11b549610 11449       3       org.jetbrains.kotlin.backend.jvm.lower.JvmSafeCallChainFoldingLowering$Transformer::visitCall (490 bytes)

GC Heap History (20 events):
Event: 6.745 GC heap before
{Heap before GC invocations=8 (full 0):
 garbage-first heap   total 49152K, used 35009K [0x0000000704e00000, 0x0000000800000000)
  region size 2048K, 10 young (20480K), 2 survivors (4096K)
 Metaspace       used 40373K, committed 40576K, reserved 1114112K
  class space    used 4826K, committed 4928K, reserved 1048576K
}
Event: 6.754 GC heap after
{Heap after GC invocations=9 (full 0):
 garbage-first heap   total 49152K, used 21216K [0x0000000704e00000, 0x0000000800000000)
  region size 2048K, 1 young (2048K), 1 survivors (2048K)
 Metaspace       used 40373K, committed 40576K, reserved 1114112K
  class space    used 4826K, committed 4928K, reserved 1048576K
}
Event: 7.711 GC heap before
{Heap before GC invocations=9 (full 0):
 garbage-first heap   total 49152K, used 37600K [0x0000000704e00000, 0x0000000800000000)
  region size 2048K, 10 young (20480K), 1 survivors (2048K)
 Metaspace       used 44741K, committed 44992K, reserved 1114112K
  class space    used 5261K, committed 5376K, reserved 1048576K
}
Event: 7.719 GC heap after
{Heap after GC invocations=10 (full 0):
 garbage-first heap   total 153600K, used 22973K [0x0000000704e00000, 0x0000000800000000)
  region size 2048K, 2 young (4096K), 2 survivors (4096K)
 Metaspace       used 44741K, committed 44992K, reserved 1114112K
  class space    used 5261K, committed 5376K, reserved 1048576K
}
Event: 8.947 GC heap before
{Heap before GC invocations=10 (full 0):
 garbage-first heap   total 153600K, used 111037K [0x0000000704e00000, 0x0000000800000000)
  region size 2048K, 45 young (92160K), 2 survivors (4096K)
 Metaspace       used 52110K, committed 52352K, reserved 1114112K
  class space    used 5990K, committed 6080K, reserved 1048576K
}
Event: 8.971 GC heap after
{Heap after GC invocations=11 (full 0):
 garbage-first heap   total 153600K, used 46615K [0x0000000704e00000, 0x0000000800000000)
  region size 2048K, 6 young (12288K), 6 survivors (12288K)
 Metaspace       used 52110K, committed 52352K, reserved 1114112K
  class space    used 5990K, committed 6080K, reserved 1048576K
}
Event: 10.093 GC heap before
{Heap before GC invocations=11 (full 0):
 garbage-first heap   total 153600K, used 97815K [0x0000000704e00000, 0x0000000800000000)
  region size 2048K, 31 young (63488K), 6 survivors (12288K)
 Metaspace       used 55873K, committed 56192K, reserved 1114112K
  class space    used 6401K, committed 6528K, reserved 1048576K
}
Event: 10.125 GC heap after
{Heap after GC invocations=12 (full 0):
 garbage-first heap   total 153600K, used 57060K [0x0000000704e00000, 0x0000000800000000)
  region size 2048K, 4 young (8192K), 4 survivors (8192K)
 Metaspace       used 55873K, committed 56192K, reserved 1114112K
  class space    used 6401K, committed 6528K, reserved 1048576K
}
Event: 11.106 GC heap before
{Heap before GC invocations=12 (full 0):
 garbage-first heap   total 153600K, used 108260K [0x0000000704e00000, 0x0000000800000000)
  region size 2048K, 29 young (59392K), 4 survivors (8192K)
 Metaspace       used 57512K, committed 57792K, reserved 1114112K
  class space    used 6482K, committed 6592K, reserved 1048576K
}
Event: 11.123 GC heap after
{Heap after GC invocations=13 (full 0):
 garbage-first heap   total 153600K, used 69350K [0x0000000704e00000, 0x0000000800000000)
  region size 2048K, 4 young (8192K), 4 survivors (8192K)
 Metaspace       used 57512K, committed 57792K, reserved 1114112K
  class space    used 6482K, committed 6592K, reserved 1048576K
}
Event: 11.670 GC heap before
{Heap before GC invocations=13 (full 0):
 garbage-first heap   total 153600K, used 79590K [0x0000000704e00000, 0x0000000800000000)
  region size 2048K, 10 young (20480K), 4 survivors (8192K)
 Metaspace       used 60076K, committed 60288K, reserved 1114112K
  class space    used 6751K, committed 6848K, reserved 1048576K
}
Event: 11.680 GC heap after
{Heap after GC invocations=14 (full 0):
 garbage-first heap   total 153600K, used 72948K [0x0000000704e00000, 0x0000000800000000)
  region size 2048K, 2 young (4096K), 2 survivors (4096K)
 Metaspace       used 60076K, committed 60288K, reserved 1114112K
  class space    used 6751K, committed 6848K, reserved 1048576K
}
Event: 12.294 GC heap before
{Heap before GC invocations=15 (full 0):
 garbage-first heap   total 153600K, used 122100K [0x0000000704e00000, 0x0000000800000000)
  region size 2048K, 26 young (53248K), 2 survivors (4096K)
 Metaspace       used 61110K, committed 61376K, reserved 1114112K
  class space    used 6814K, committed 6912K, reserved 1048576K
}
Event: 12.308 GC heap after
{Heap after GC invocations=16 (full 0):
 garbage-first heap   total 153600K, used 81920K [0x0000000704e00000, 0x0000000800000000)
  region size 2048K, 4 young (8192K), 4 survivors (8192K)
 Metaspace       used 61110K, committed 61376K, reserved 1114112K
  class space    used 6814K, committed 6912K, reserved 1048576K
}
Event: 13.505 GC heap before
{Heap before GC invocations=16 (full 0):
 garbage-first heap   total 153600K, used 126976K [0x0000000704e00000, 0x0000000800000000)
  region size 2048K, 26 young (53248K), 4 survivors (8192K)
 Metaspace       used 67942K, committed 68224K, reserved 1114112K
  class space    used 7448K, committed 7552K, reserved 1048576K
}
Event: 13.519 GC heap after
{Heap after GC invocations=17 (full 0):
 garbage-first heap   total 184320K, used 87141K [0x0000000704e00000, 0x0000000800000000)
  region size 2048K, 3 young (6144K), 3 survivors (6144K)
 Metaspace       used 67942K, committed 68224K, reserved 1114112K
  class space    used 7448K, committed 7552K, reserved 1048576K
}
Event: 14.512 GC heap before
{Heap before GC invocations=17 (full 0):
 garbage-first heap   total 184320K, used 150629K [0x0000000704e00000, 0x0000000800000000)
  region size 2048K, 34 young (69632K), 3 survivors (6144K)
 Metaspace       used 70028K, committed 70336K, reserved 1114112K
  class space    used 7551K, committed 7680K, reserved 1048576K
}
Event: 14.526 GC heap after
{Heap after GC invocations=18 (full 0):
 garbage-first heap   total 184320K, used 97391K [0x0000000704e00000, 0x0000000800000000)
  region size 2048K, 5 young (10240K), 5 survivors (10240K)
 Metaspace       used 70028K, committed 70336K, reserved 1114112K
  class space    used 7551K, committed 7680K, reserved 1048576K
}
Event: 15.977 GC heap before
{Heap before GC invocations=18 (full 0):
 garbage-first heap   total 184320K, used 152687K [0x0000000704e00000, 0x0000000800000000)
  region size 2048K, 33 young (67584K), 5 survivors (10240K)
 Metaspace       used 79147K, committed 79552K, reserved 1179648K
  class space    used 8383K, committed 8576K, reserved 1048576K
}
Event: 15.990 GC heap after
{Heap after GC invocations=19 (full 0):
 garbage-first heap   total 184320K, used 104047K [0x0000000704e00000, 0x0000000800000000)
  region size 2048K, 3 young (6144K), 3 survivors (6144K)
 Metaspace       used 79147K, committed 79552K, reserved 1179648K
  class space    used 8383K, committed 8576K, reserved 1048576K
}

Dll operation events (3 events):
Event: 0.010 Loaded shared library C:\Program Files\Android\Android Studio\jbr\bin\java.dll
Event: 0.014 Loaded shared library C:\Program Files\Android\Android Studio\jbr\bin\zip.dll
Event: 3.944 Loaded shared library C:\Program Files\Android\Android Studio\jbr\bin\verify.dll

Deoptimization events (20 events):
Event: 16.206 Thread 0x000002c17ed004e0 DEOPT PACKING pc=0x000002c10c076f38 sp=0x000000f7a83fc8c0
Event: 16.206 Thread 0x000002c17ed004e0 DEOPT UNPACKING pc=0x000002c10ba246a2 sp=0x000000f7a83fc878 mode 2
Event: 16.256 Thread 0x000002c17ed004e0 DEOPT PACKING pc=0x000002c1064c14d3 sp=0x000000f7a83fdbb0
Event: 16.256 Thread 0x000002c17ed004e0 DEOPT UNPACKING pc=0x000002c10ba24e42 sp=0x000000f7a83fd0d0 mode 0
Event: 16.258 Thread 0x000002c17ed004e0 Uncommon trap: trap_request=0xffffff66 fr.pc=0x000002c10c298c98 relative=0x0000000000000838
Event: 16.258 Thread 0x000002c17ed004e0 Uncommon trap: reason=speculate_class_check action=maybe_recompile pc=0x000002c10c298c98 method=org.jetbrains.kotlin.ir.util.AdditionalIrUtilsKt.hasEqualFqName(Lorg/jetbrains/kotlin/ir/declarations/IrDeclarationWithName;Lorg/jetbrains/kotlin/name/FqName;)
Event: 16.258 Thread 0x000002c17ed004e0 DEOPT PACKING pc=0x000002c10c298c98 sp=0x000000f7a83fc4e0
Event: 16.258 Thread 0x000002c17ed004e0 DEOPT UNPACKING pc=0x000002c10ba246a2 sp=0x000000f7a83fc340 mode 2
Event: 16.259 Thread 0x000002c17ed004e0 Uncommon trap: trap_request=0xffffff66 fr.pc=0x000002c10c298c98 relative=0x0000000000000838
Event: 16.259 Thread 0x000002c17ed004e0 Uncommon trap: reason=speculate_class_check action=maybe_recompile pc=0x000002c10c298c98 method=org.jetbrains.kotlin.ir.util.AdditionalIrUtilsKt.hasEqualFqName(Lorg/jetbrains/kotlin/ir/declarations/IrDeclarationWithName;Lorg/jetbrains/kotlin/name/FqName;)
Event: 16.259 Thread 0x000002c17ed004e0 DEOPT PACKING pc=0x000002c10c298c98 sp=0x000000f7a83fbad0
Event: 16.259 Thread 0x000002c17ed004e0 DEOPT UNPACKING pc=0x000002c10ba246a2 sp=0x000000f7a83fb930 mode 2
Event: 16.259 Thread 0x000002c17ed004e0 Uncommon trap: trap_request=0xffffff66 fr.pc=0x000002c10c298c98 relative=0x0000000000000838
Event: 16.259 Thread 0x000002c17ed004e0 Uncommon trap: reason=speculate_class_check action=maybe_recompile pc=0x000002c10c298c98 method=org.jetbrains.kotlin.ir.util.AdditionalIrUtilsKt.hasEqualFqName(Lorg/jetbrains/kotlin/ir/declarations/IrDeclarationWithName;Lorg/jetbrains/kotlin/name/FqName;)
Event: 16.259 Thread 0x000002c17ed004e0 DEOPT PACKING pc=0x000002c10c298c98 sp=0x000000f7a83fac60
Event: 16.259 Thread 0x000002c17ed004e0 DEOPT UNPACKING pc=0x000002c10ba246a2 sp=0x000000f7a83faac0 mode 2
Event: 16.259 Thread 0x000002c17ed004e0 Uncommon trap: trap_request=0xffffff66 fr.pc=0x000002c10c298c98 relative=0x0000000000000838
Event: 16.259 Thread 0x000002c17ed004e0 Uncommon trap: reason=speculate_class_check action=maybe_recompile pc=0x000002c10c298c98 method=org.jetbrains.kotlin.ir.util.AdditionalIrUtilsKt.hasEqualFqName(Lorg/jetbrains/kotlin/ir/declarations/IrDeclarationWithName;Lorg/jetbrains/kotlin/name/FqName;)
Event: 16.259 Thread 0x000002c17ed004e0 DEOPT PACKING pc=0x000002c10c298c98 sp=0x000000f7a83fa250
Event: 16.259 Thread 0x000002c17ed004e0 DEOPT UNPACKING pc=0x000002c10ba246a2 sp=0x000000f7a83fa0b0 mode 2

Classes loaded (20 events):
Event: 12.551 Loading class java/util/ServiceLoader$Provider done
Event: 12.551 Loading class java/util/ServiceLoader$ProviderImpl done
Event: 14.879 Loading class java/util/Collections$SynchronizedMap
Event: 14.879 Loading class java/util/Collections$SynchronizedMap done
Event: 15.209 Loading class java/util/regex/Pattern$StartS
Event: 15.209 Loading class java/util/regex/Pattern$StartS done
Event: 15.455 Loading class java/util/Formatter
Event: 15.455 Loading class java/util/Formatter done
Event: 15.455 Loading class java/util/Formatter$FixedString
Event: 15.455 Loading class java/util/Formatter$FormatString
Event: 15.455 Loading class java/util/Formatter$FormatString done
Event: 15.455 Loading class java/util/Formatter$FixedString done
Event: 15.455 Loading class java/util/Formatter$Conversion
Event: 15.455 Loading class java/util/Formatter$Conversion done
Event: 15.455 Loading class java/util/Formatter$FormatSpecifier
Event: 15.456 Loading class java/util/Formatter$FormatSpecifier done
Event: 15.456 Loading class java/util/Formattable
Event: 15.456 Loading class java/util/Formattable done
Event: 15.456 Loading class java/util/Formatter$Flags
Event: 15.456 Loading class java/util/Formatter$Flags done

Classes unloaded (0 events):
No events

Classes redefined (0 events):
No events

Internal exceptions (20 events):
Event: 12.278 Thread 0x000002c17ed004e0 Exception <a 'java/lang/NoSuchMethodError'{0x000000070b282a90}: 'java.lang.Object java.lang.invoke.DirectMethodHandle$Holder.invokeSpecial(java.lang.Object, java.lang.Object, java.lang.Object, java.lang.Object, java.lang.Object, java.lang.Object, java.lang.Object, int)'> (0x000000070b282a90) 
thrown [s\src\hotspot\share\interpreter\linkResolver.cpp, line 784]
Event: 12.278 Thread 0x000002c17ed004e0 Exception <a 'java/lang/NoSuchMethodError'{0x000000070b286c40}: 'java.lang.Object java.lang.invoke.Invokers$Holder.linkToTargetMethod(java.lang.Object, java.lang.Object, java.lang.Object, java.lang.Object, java.lang.Object, int, java.lang.Object)'> (0x000000070b286c40) 
thrown [s\src\hotspot\share\interpreter\linkResolver.cpp, line 784]
Event: 12.736 Thread 0x000002c17ed004e0 Implicit null exception at 0x000002c10c0c92a2 to 0x000002c10c0c96c0
Event: 12.738 Thread 0x000002c17ed004e0 Implicit null exception at 0x000002c10c0c5b22 to 0x000002c10c0c5f34
Event: 13.143 Thread 0x000002c17ed004e0 Exception <a 'java/lang/NoSuchMethodError'{0x000000070c5f5250}: 'java.lang.Object java.lang.invoke.DirectMethodHandle$Holder.newInvokeSpecial(java.lang.Object, java.lang.Object, java.lang.Object, java.lang.Object, java.lang.Object, java.lang.Object, java.lang.Object, java.lang.Object, int)'> (0x000000070c5f5250) 
thrown [s\src\hotspot\share\interpreter\linkResolver.cpp, line 784]
Event: 13.143 Thread 0x000002c17ed004e0 Exception <a 'java/lang/NoSuchMethodError'{0x000000070c5f9ff8}: 'java.lang.Object java.lang.invoke.DirectMethodHandle$Holder.invokeSpecial(java.lang.Object, java.lang.Object, java.lang.Object, java.lang.Object, java.lang.Object, java.lang.Object, java.lang.Object, java.lang.Object, java.lang.Object, int)'> (0x000000070c5f9ff8) 
thrown [s\src\hotspot\share\interpreter\linkResolver.cpp, line 784]
Event: 13.222 Thread 0x000002c17ed004e0 Exception <a 'java/lang/NoSuchMethodError'{0x000000070c3f8460}: 'java.lang.Object java.lang.invoke.DirectMethodHandle$Holder.newInvokeSpecial(java.lang.Object, java.lang.Object, java.lang.Object, java.lang.Object, java.lang.Object, java.lang.Object, java.lang.Object, int)'> (0x000000070c3f8460) 
thrown [s\src\hotspot\share\interpreter\linkResolver.cpp, line 784]
Event: 13.223 Thread 0x000002c17ed004e0 Exception <a 'java/lang/NoSuchMethodError'{0x000000070c3fcb10}: 'java.lang.Object java.lang.invoke.DirectMethodHandle$Holder.invokeSpecial(java.lang.Object, java.lang.Object, java.lang.Object, java.lang.Object, java.lang.Object, java.lang.Object, java.lang.Object, java.lang.Object, int)'> (0x000000070c3fcb10) 
thrown [s\src\hotspot\share\interpreter\linkResolver.cpp, line 784]
Event: 13.223 Thread 0x000002c17ed004e0 Exception <a 'java/lang/NoSuchMethodError'{0x000000070c000ca0}: 'java.lang.Object java.lang.invoke.Invokers$Holder.linkToTargetMethod(java.lang.Object, java.lang.Object, java.lang.Object, java.lang.Object, java.lang.Object, java.lang.Object, int, java.lang.Object)'> (0x000000070c000ca0) 
thrown [s\src\hotspot\share\interpreter\linkResolver.cpp, line 784]
Event: 13.251 Thread 0x000002c17ed004e0 Exception <a 'java/lang/NoSuchMethodError'{0x000000070c0ffc60}: 'java.lang.Object java.lang.invoke.DirectMethodHandle$Holder.invokeStatic(java.lang.Object, java.lang.Object, int, int)'> (0x000000070c0ffc60) 
thrown [s\src\hotspot\share\interpreter\linkResolver.cpp, line 784]
Event: 13.251 Thread 0x000002c17ed004e0 Exception <a 'java/lang/NoSuchMethodError'{0x000000070c106a88}: 'java.lang.Object java.lang.invoke.DirectMethodHandle$Holder.newInvokeSpecial(java.lang.Object, java.lang.Object, int, int)'> (0x000000070c106a88) 
thrown [s\src\hotspot\share\interpreter\linkResolver.cpp, line 784]
Event: 13.251 Thread 0x000002c17ed004e0 Exception <a 'java/lang/NoSuchMethodError'{0x000000070c10b028}: 'java.lang.Object java.lang.invoke.DirectMethodHandle$Holder.invokeSpecial(java.lang.Object, java.lang.Object, java.lang.Object, int, int)'> (0x000000070c10b028) 
thrown [s\src\hotspot\share\interpreter\linkResolver.cpp, line 784]
Event: 13.251 Thread 0x000002c17ed004e0 Exception <a 'java/lang/NoSuchMethodError'{0x000000070c10eeb0}: 'java.lang.Object java.lang.invoke.Invokers$Holder.linkToTargetMethod(java.lang.Object, int, int, java.lang.Object)'> (0x000000070c10eeb0) 
thrown [s\src\hotspot\share\interpreter\linkResolver.cpp, line 784]
Event: 14.074 Thread 0x000002c17ed004e0 Implicit null exception at 0x000002c10c4cee68 to 0x000002c10c4cf104
Event: 14.960 Thread 0x000002c17ed004e0 Exception <a 'java/lang/NoSuchMethodError'{0x000000070f82aee8}: 'java.lang.Object java.lang.invoke.DirectMethodHandle$Holder.newInvokeSpecial(java.lang.Object, int, java.lang.Object, int)'> (0x000000070f82aee8) 
thrown [s\src\hotspot\share\interpreter\linkResolver.cpp, line 784]
Event: 15.430 Thread 0x000002c17ed004e0 Exception <a 'java/lang/NoSuchMethodError'{0x000000070e644248}: 'java.lang.Object java.lang.invoke.DirectMethodHandle$Holder.newInvokeSpecial(java.lang.Object, java.lang.Object, java.lang.Object, java.lang.Object, int, java.lang.Object)'> (0x000000070e644248) 
thrown [s\src\hotspot\share\interpreter\linkResolver.cpp, line 784]
Event: 15.430 Thread 0x000002c17ed004e0 Exception <a 'java/lang/NoSuchMethodError'{0x000000070e648960}: 'java.lang.Object java.lang.invoke.DirectMethodHandle$Holder.invokeSpecial(java.lang.Object, java.lang.Object, java.lang.Object, java.lang.Object, java.lang.Object, int, java.lang.Object)'> (0x000000070e648960) 
thrown [s\src\hotspot\share\interpreter\linkResolver.cpp, line 784]
Event: 15.430 Thread 0x000002c17ed004e0 Exception <a 'java/lang/NoSuchMethodError'{0x000000070e64c7e8}: 'java.lang.Object java.lang.invoke.Invokers$Holder.linkToTargetMethod(java.lang.Object, java.lang.Object, java.lang.Object, int, java.lang.Object, java.lang.Object)'> (0x000000070e64c7e8) 
thrown [s\src\hotspot\share\interpreter\linkResolver.cpp, line 784]
Event: 15.517 Thread 0x000002c17ed004e0 Exception <a 'java/lang/NoSuchMethodError'{0x000000070e5e98c8}: 'java.lang.Object java.lang.invoke.DirectMethodHandle$Holder.newInvokeSpecial(java.lang.Object, java.lang.Object, java.lang.Object, int, int, java.lang.Object)'> (0x000000070e5e98c8) 
thrown [s\src\hotspot\share\interpreter\linkResolver.cpp, line 784]
Event: 16.090 Thread 0x000002c11b4ef310 Implicit null exception at 0x000002c10c6564c8 to 0x000002c10c6568d4

ZGC Phase Switch (0 events):
No events

VM Operations (20 events):
Event: 15.388 Executing VM operation: HandshakeAllThreads (Deoptimize)
Event: 15.388 Executing VM operation: HandshakeAllThreads (Deoptimize) done
Event: 15.419 Executing VM operation: HandshakeAllThreads (Deoptimize)
Event: 15.419 Executing VM operation: HandshakeAllThreads (Deoptimize) done
Event: 15.518 Executing VM operation: ICBufferFull
Event: 15.519 Executing VM operation: ICBufferFull done
Event: 15.718 Executing VM operation: ICBufferFull
Event: 15.718 Executing VM operation: ICBufferFull done
Event: 15.805 Executing VM operation: ICBufferFull
Event: 15.805 Executing VM operation: ICBufferFull done
Event: 15.895 Executing VM operation: ICBufferFull
Event: 15.895 Executing VM operation: ICBufferFull done
Event: 15.928 Executing VM operation: ICBufferFull
Event: 15.929 Executing VM operation: ICBufferFull done
Event: 15.977 Executing VM operation: G1CollectForAllocation (G1 Evacuation Pause)
Event: 15.990 Executing VM operation: G1CollectForAllocation (G1 Evacuation Pause) done
Event: 16.078 Executing VM operation: G1PauseRemark
Event: 16.089 Executing VM operation: G1PauseRemark done
Event: 16.141 Executing VM operation: G1PauseCleanup
Event: 16.141 Executing VM operation: G1PauseCleanup done

Memory protections (0 events):
No events

Nmethod flushes (20 events):
Event: 16.088 Thread 0x000002c11b46caa0 flushing  nmethod 0x000002c104df5d90
Event: 16.088 Thread 0x000002c11b46caa0 flushing  nmethod 0x000002c104e46090
Event: 16.088 Thread 0x000002c11b46caa0 flushing  nmethod 0x000002c104f10310
Event: 16.088 Thread 0x000002c11b46caa0 flushing  nmethod 0x000002c104f10910
Event: 16.088 Thread 0x000002c11b46caa0 flushing  nmethod 0x000002c104f43890
Event: 16.088 Thread 0x000002c11b46caa0 flushing  nmethod 0x000002c104f5c710
Event: 16.088 Thread 0x000002c11b46caa0 flushing  nmethod 0x000002c105005f10
Event: 16.088 Thread 0x000002c11b46caa0 flushing  nmethod 0x000002c105042d90
Event: 16.088 Thread 0x000002c11b46caa0 flushing  nmethod 0x000002c1050c6b10
Event: 16.088 Thread 0x000002c11b46caa0 flushing  nmethod 0x000002c105195390
Event: 16.088 Thread 0x000002c11b46caa0 flushing  nmethod 0x000002c1051ddb90
Event: 16.088 Thread 0x000002c11b46caa0 flushing  nmethod 0x000002c105302e90
Event: 16.088 Thread 0x000002c11b46caa0 flushing  nmethod 0x000002c105308b90
Event: 16.088 Thread 0x000002c11b46caa0 flushing  nmethod 0x000002c10533f890
Event: 16.088 Thread 0x000002c11b46caa0 flushing  nmethod 0x000002c105390990
Event: 16.088 Thread 0x000002c11b46caa0 flushing  nmethod 0x000002c10540d690
Event: 16.088 Thread 0x000002c11b46caa0 flushing  nmethod 0x000002c1054f7a90
Event: 16.088 Thread 0x000002c11b46caa0 flushing  nmethod 0x000002c105509490
Event: 16.088 Thread 0x000002c11b46caa0 flushing  nmethod 0x000002c105670e90
Event: 16.088 Thread 0x000002c11b46caa0 flushing  nmethod 0x000002c105761310

Events (20 events):
Event: 7.313 Thread 0x000002c120f724d0 Thread exited: 0x000002c120f724d0
Event: 7.504 Thread 0x000002c12269d180 Thread exited: 0x000002c12269d180
Event: 7.844 Thread 0x000002c11b549610 Thread added: 0x000002c11b6a4320
Event: 8.200 Thread 0x000002c11b549610 Thread added: 0x000002c122788fd0
Event: 11.197 Thread 0x000002c122788fd0 Thread exited: 0x000002c122788fd0
Event: 11.212 Thread 0x000002c11b6a4320 Thread exited: 0x000002c11b6a4320
Event: 11.651 Thread 0x000002c11b549610 Thread added: 0x000002c1225dc490
Event: 12.249 Thread 0x000002c11b549610 Thread added: 0x000002c122be3a20
Event: 13.021 Thread 0x000002c122be3a20 Thread exited: 0x000002c122be3a20
Event: 13.021 Thread 0x000002c1225dc490 Thread exited: 0x000002c1225dc490
Event: 13.589 Thread 0x000002c11b549610 Thread added: 0x000002c122be5c30
Event: 13.610 Thread 0x000002c11b549610 Thread added: 0x000002c122be2c80
Event: 14.301 Thread 0x000002c122be2c80 Thread exited: 0x000002c122be2c80
Event: 14.322 Thread 0x000002c122be5c30 Thread exited: 0x000002c122be5c30
Event: 14.333 Thread 0x000002c11b549610 Thread added: 0x000002c123a8a470
Event: 14.476 Thread 0x000002c11b549610 Thread added: 0x000002c123a8b210
Event: 14.780 Thread 0x000002c123a8b210 Thread exited: 0x000002c123a8b210
Event: 14.780 Thread 0x000002c123a8a470 Thread exited: 0x000002c123a8a470
Event: 15.019 Thread 0x000002c11b548b70 Thread added: 0x000002c123a8e1c0
Event: 15.781 Thread 0x000002c123a8e1c0 Thread added: 0x000002c123a8b8e0


Dynamic libraries:
0x00007ff6cab60000 - 0x00007ff6cab6a000 	C:\Program Files\Android\Android Studio\jbr\bin\java.exe
0x00007ff8b65a0000 - 0x00007ff8b6808000 	C:\WINDOWS\SYSTEM32\ntdll.dll
0x00007ff8b4350000 - 0x00007ff8b4419000 	C:\WINDOWS\System32\KERNEL32.DLL
0x00007ff8b3f40000 - 0x00007ff8b4338000 	C:\WINDOWS\System32\KERNELBASE.dll
0x00007ff8b3aa0000 - 0x00007ff8b3beb000 	C:\WINDOWS\System32\ucrtbase.dll
0x00007ff897250000 - 0x00007ff897268000 	C:\Program Files\Android\Android Studio\jbr\bin\jli.dll
0x00007ff8a0840000 - 0x00007ff8a085b000 	C:\Program Files\Android\Android Studio\jbr\bin\VCRUNTIME140.dll
0x00007ff8b4d70000 - 0x00007ff8b4f37000 	C:\WINDOWS\System32\USER32.dll
0x00007ff895800000 - 0x00007ff895a94000 	C:\WINDOWS\WinSxS\amd64_microsoft.windows.common-controls_6595b64144ccf1df_6.0.26100.7019_none_3e06ffa0e335b8a8\COMCTL32.dll
0x00007ff8b38f0000 - 0x00007ff8b3917000 	C:\WINDOWS\System32\win32u.dll
0x00007ff8b52b0000 - 0x00007ff8b5359000 	C:\WINDOWS\System32\msvcrt.dll
0x00007ff8b45e0000 - 0x00007ff8b460b000 	C:\WINDOWS\System32\GDI32.dll
0x00007ff8b3ca0000 - 0x00007ff8b3dcc000 	C:\WINDOWS\System32\gdi32full.dll
0x00007ff8b3bf0000 - 0x00007ff8b3c93000 	C:\WINDOWS\System32\msvcp_win.dll
0x00007ff8b5270000 - 0x00007ff8b52a1000 	C:\WINDOWS\System32\IMM32.DLL
0x00007ff8adea0000 - 0x00007ff8adeac000 	C:\Program Files\Android\Android Studio\jbr\bin\vcruntime140_1.dll
0x00007ff885bf0000 - 0x00007ff885c7d000 	C:\Program Files\Android\Android Studio\jbr\bin\msvcp140.dll
0x00007ff837d90000 - 0x00007ff838a1e000 	C:\Program Files\Android\Android Studio\jbr\bin\server\jvm.dll
0x00007ff8b5440000 - 0x00007ff8b54f4000 	C:\WINDOWS\System32\ADVAPI32.dll
0x00007ff8b51a0000 - 0x00007ff8b5246000 	C:\WINDOWS\System32\sechost.dll
0x00007ff8b5910000 - 0x00007ff8b5a28000 	C:\WINDOWS\System32\RPCRT4.dll
0x00007ff8b5890000 - 0x00007ff8b5904000 	C:\WINDOWS\System32\WS2_32.dll
0x00007ff895e80000 - 0x00007ff895e8b000 	C:\WINDOWS\SYSTEM32\VERSION.dll
0x00007ff8b3570000 - 0x00007ff8b35ce000 	C:\WINDOWS\SYSTEM32\POWRPROF.dll
0x00007ff8aff40000 - 0x00007ff8aff75000 	C:\WINDOWS\SYSTEM32\WINMM.dll
0x00007ff8b3550000 - 0x00007ff8b3564000 	C:\WINDOWS\SYSTEM32\UMPDC.dll
0x00007ff8b24b0000 - 0x00007ff8b24cb000 	C:\WINDOWS\SYSTEM32\kernel.appcore.dll
0x00007ff8aafb0000 - 0x00007ff8aafba000 	C:\Program Files\Android\Android Studio\jbr\bin\jimage.dll
0x00007ff8b0d30000 - 0x00007ff8b0f72000 	C:\WINDOWS\SYSTEM32\DBGHELP.DLL
0x00007ff8b5500000 - 0x00007ff8b588b000 	C:\WINDOWS\System32\combase.dll
0x00007ff8b5360000 - 0x00007ff8b5437000 	C:\WINDOWS\System32\OLEAUT32.dll
0x00007ff8ab0b0000 - 0x00007ff8ab0ec000 	C:\WINDOWS\SYSTEM32\dbgcore.DLL
0x00007ff8b3780000 - 0x00007ff8b3825000 	C:\WINDOWS\System32\bcryptPrimitives.dll
0x00007ff89f140000 - 0x00007ff89f160000 	C:\Program Files\Android\Android Studio\jbr\bin\java.dll
0x00007ff89ed60000 - 0x00007ff89ed78000 	C:\Program Files\Android\Android Studio\jbr\bin\zip.dll
0x00007ff8b4610000 - 0x00007ff8b4d5f000 	C:\WINDOWS\System32\SHELL32.dll
0x00007ff8b3dd0000 - 0x00007ff8b3f3b000 	C:\WINDOWS\System32\wintypes.dll
0x00007ff8b12e0000 - 0x00007ff8b1b3d000 	C:\WINDOWS\SYSTEM32\windows.storage.dll
0x00007ff8b5ce0000 - 0x00007ff8b5dd2000 	C:\WINDOWS\System32\SHCORE.dll
0x00007ff8b5c70000 - 0x00007ff8b5cd7000 	C:\WINDOWS\System32\shlwapi.dll
0x00007ff8b3610000 - 0x00007ff8b3639000 	C:\WINDOWS\SYSTEM32\profapi.dll
0x00007ff8aaf70000 - 0x00007ff8aaf80000 	C:\Program Files\Android\Android Studio\jbr\bin\net.dll
0x00007ff8a2720000 - 0x00007ff8a2848000 	C:\WINDOWS\SYSTEM32\WINHTTP.dll
0x00007ff8b2a20000 - 0x00007ff8b2a8b000 	C:\WINDOWS\system32\mswsock.dll
0x00007ff89eb80000 - 0x00007ff89eb96000 	C:\Program Files\Android\Android Studio\jbr\bin\nio.dll
0x00007ff89eb70000 - 0x00007ff89eb80000 	C:\Program Files\Android\Android Studio\jbr\bin\verify.dll

dbghelp: loaded successfully - version: 4.0.5 - missing functions: none
symbol engine: initialized successfully - sym options: 0x614 - pdb path: .;C:\Program Files\Android\Android Studio\jbr\bin;C:\WINDOWS\SYSTEM32;C:\WINDOWS\WinSxS\amd64_microsoft.windows.common-controls_6595b64144ccf1df_6.0.26100.7019_none_3e06ffa0e335b8a8;C:\Program Files\Android\Android Studio\jbr\bin\server

VM Arguments:
java_command: org.jetbrains.kotlin.cli.jvm.K2JVMCompiler @C:\Users\nancy\AndroidStudioProjects\MobileAppDevRecipeHelperCode2\app\build\20251116_14117552671271764309.compiler.options
java_class_path (initial): C:\Users\nancy\.gradle\caches\modules-2\files-2.1\org.jetbrains.kotlin\kotlin-compiler-embeddable\2.0.21\79346ed53db48b18312a472602eb5c057070c54d\kotlin-compiler-embeddable-2.0.21.jar;C:\Users\nancy\.gradle\caches\modules-2\files-2.1\org.jetbrains.kotlin\kotlin-stdlib\2.0.21\618b539767b4899b4660a83006e052b63f1db551\kotlin-stdlib-2.0.21.jar;C:\Users\nancy\.gradle\caches\modules-2\files-2.1\org.jetbrains.kotlin\kotlin-script-runtime\2.0.21\c9b044380ad41f89aa89aa896c2d32a8c0b2129d\kotlin-script-runtime-2.0.21.jar;C:\Users\nancy\.gradle\caches\modules-2\files-2.1\org.jetbrains.kotlin\kotlin-reflect\1.6.10\1cbe9c92c12a94eea200d23c2bbaedaf3daf5132\kotlin-reflect-1.6.10.jar;C:\Users\nancy\.gradle\caches\modules-2\files-2.1\org.jetbrains.kotlin\kotlin-daemon-embeddable\2.0.21\c9e933b23287de9b5a17e2116b4657bb91aea72c\kotlin-daemon-embeddable-2.0.21.jar;C:\Users\nancy\.gradle\caches\modules-2\files-2.1\org.jetbrains.intellij.deps\trove4j\1.0.20200330\3afb14d5f9ceb459d724e907a21145e8ff394f02\trove4j-1.0.20200330.jar;C:\Users\nancy\.gradle\caches\modules-2\files-2.1\org.jetbrains.kotlinx\kotlinx-coroutines-core-jvm\1.6.4\2c997cd1c0ef33f3e751d3831929aeff1390cb30\kotlinx-coroutines-core-jvm-1.6.4.jar;C:\Users\nancy\.gradle\caches\modules-2\files-2.1\org.jetbrains\annotations\13.0\919f0dfe192fb4e063e7dacadee7f8bb9a2672a9\annotations-13.0.jar
Launcher Type: SUN_STANDARD

[Global flags]
     intx CICompilerCount                          = 4                                         {product} {ergonomic}
     uint ConcGCThreads                            = 3                                         {product} {ergonomic}
     uint G1ConcRefinementThreads                  = 10                                        {product} {ergonomic}
   size_t G1HeapRegionSize                         = 2097152                                   {product} {ergonomic}
    uintx GCDrainStackTargetSize                   = 64                                        {product} {ergonomic}
   size_t InitialHeapSize                          = 264241152                                 {product} {ergonomic}
   size_t MarkStackSize                            = 4194304                                   {product} {ergonomic}
   size_t MaxHeapSize                              = 4213178368                                {product} {ergonomic}
   size_t MaxNewSize                               = 2527068160                                {product} {ergonomic}
   size_t MinHeapDeltaBytes                        = 2097152                                   {product} {ergonomic}
   size_t MinHeapSize                              = 8388608                                   {product} {ergonomic}
    uintx NonNMethodCodeHeapSize                   = 5839372                                {pd product} {ergonomic}
    uintx NonProfiledCodeHeapSize                  = 122909434                              {pd product} {ergonomic}
    uintx ProfiledCodeHeapSize                     = 122909434                              {pd product} {ergonomic}
    uintx ReservedCodeCacheSize                    = 251658240                              {pd product} {ergonomic}
     bool SegmentedCodeCache                       = true                                      {product} {ergonomic}
   size_t SoftMaxHeapSize                          = 4213178368                             {manageable} {ergonomic}
     bool UseCompressedOops                        = true                           {product lp64_product} {ergonomic}
     bool UseG1GC                                  = true                                      {product} {ergonomic}
     bool UseLargePagesIndividualAllocation        = false                                  {pd product} {ergonomic}

Logging:
Log output configuration:
 #0: stdout all=warning uptime,level,tags foldmultilines=false
 #1: stderr all=off uptime,level,tags foldmultilines=false

Environment Variables:
PATH=C:\Program Files (x86)\NVIDIA Corporation\PhysX\Common;C:\Python312\Scripts\;C:\Python312\;C:\Program Files\Common Files\Oracle\Java\javapath;C:\WINDOWS\system32;C:\WINDOWS;C:\WINDOWS\System32\Wbem;C:\WINDOWS\System32\WindowsPowerShell\v1.0\;C:\WINDOWS\System32\OpenSSH\;C:\Program Files\dotnet\;C:\Program Files\Oracle\VirtualBox\;C:\Program Files\Java\jdk-23\bin;C:\Program Files\nodejs\;C:\ProgramData\chocolatey\bin;C:\Program Files (x86)\Windows Kits\8.1\Windows Performance Toolkit\;C:\Program Files\SASHome\SASFoundation\9.4\ets\sasexe;C:\Program Files\SASHome\Secure\ccme4;C:\Program Files\Git\cmd;C:\Users\nancy\AppData\Local\Microsoft\WindowsApps;C:\Users\nancy\AppData\Local\Programs\Microsoft VS Code\bin;C:\Users\nancy\AppData\Roaming\npm;C:\Users\nancy\AppData\Local\Google\Cloud SDK\google-cloud-sdk\bin
USERNAME=nancy
OS=Windows_NT
PROCESSOR_IDENTIFIER=Intel64 Family 6 Model 186 Stepping 3, GenuineIntel
TMP=C:\Users\nancy\AppData\Local\Temp
TEMP=C:\Users\nancy\AppData\Local\Temp




Periodic native trim disabled

JNI global refs:
JNI global refs: 14, weak refs: 31

JNI global refs memory usage: 835, weak refs: 833

Process memory usage:
Resident Set Size: 439896K (2% of 16454352K total physical memory with 913888K free physical memory)

OOME stack traces (most recent first):
Classloader memory used:
